<?xml version="1.0" encoding="UTF-8"?>
<testng-results ignored="0" total="1" passed="1" failed="0" skipped="0">
  <reporter-output>
  </reporter-output>
  <suite started-at="2020-05-09T12:45:38 BST" name="Default suite" finished-at="2020-05-09T12:45:47 BST" duration-ms="9157">
    <groups>
    </groups>
    <test started-at="2020-05-09T12:45:38 BST" name="Default test" finished-at="2020-05-09T12:45:47 BST" duration-ms="9157">
      <class name="testcase.LoginTestpf">
        <test-method signature="Login()[pri:0, instance:testcase.LoginTestpf@11fc564b]" started-at="2020-05-09T12:45:38 BST" name="Login" finished-at="2020-05-09T12:45:47 BST" duration-ms="9099" status="PASS">
          <reporter-output>
          </reporter-output>
        </test-method> <!-- Login -->
      </class> <!-- testcase.LoginTestpf -->
    </test> <!-- Default test -->
  </suite> <!-- Default suite -->
</testng-results>
